pop 	empty_pt	 push 	type_pt
push 	alt_id_pt
pop 	alt_id_pt	 push 	var_assign_pt
push 	operand_pt
pop 	operand_pt	 push 	unary_exp_pt
pop 	unary_exp_pt	 push 	additive_exp_pt
pop 	additive_exp_pt	 push 	log_exp_pt
pop 	log_exp_pt	 push 	expression_pt
pop 	var_assign_pt	 pop 	expression_pt,	 push 	var_init_pt
pop 	var_init_pt	 push 	var_list_pt
pop 	type_pt	 pop 	var_list_pt,	 push 	local_var_decl_pt
pop 	local_var_decl_pt	 push 	for_opt_pt
pop 	for_opt_pt	 push 	prestatement_pt
pop 	prestatement_pt	 push 	statement_pt
pop 	statement_pt	 push 	statements_pt
push 	type_pt
push 	alt_id_pt
pop 	alt_id_pt	 push 	var_assign_pt
push 	operand_pt
pop 	operand_pt	 push 	unary_exp_pt
pop 	unary_exp_pt	 push 	additive_exp_pt
pop 	additive_exp_pt	 push 	log_exp_pt
pop 	log_exp_pt	 push 	expression_pt
pop 	var_assign_pt	 pop 	expression_pt,	 push 	var_init_pt
pop 	var_init_pt	 push 	var_list_pt
pop 	type_pt	 pop 	var_list_pt,	 push 	local_var_decl_pt
pop 	local_var_decl_pt	 push 	for_opt_pt
pop 	for_opt_pt	 push 	prestatement_pt
pop 	prestatement_pt	 push 	statement_pt
pop 	statements_pt	 pop 	statement_pt,	 push 	statements_pt
push 	type_pt
push 	alt_id_pt
pop 	alt_id_pt	 push 	var_assign_pt
push 	operand_pt
pop 	operand_pt	 push 	unary_exp_pt
pop 	unary_exp_pt	 push 	additive_exp_pt
pop 	additive_exp_pt	 push 	log_exp_pt
pop 	log_exp_pt	 push 	expression_pt
pop 	var_assign_pt	 pop 	expression_pt,	 push 	var_init_pt
pop 	var_init_pt	 push 	var_list_pt
pop 	type_pt	 pop 	var_list_pt,	 push 	local_var_decl_pt
pop 	local_var_decl_pt	 push 	for_opt_pt
pop 	for_opt_pt	 push 	prestatement_pt
pop 	prestatement_pt	 push 	statement_pt
pop 	statements_pt	 pop 	statement_pt,	 push 	statements_pt
push 	id_pt
pop 	id_pt	 push 	statement_op_pt
push 	id_pt
pop 	id_pt	 push 	operand_pt
pop 	operand_pt	 push 	unary_exp_pt
pop 	unary_exp_pt	 push 	additive_op_pt
push 	id_pt
pop 	id_pt	 push 	operand_pt
pop 	operand_pt	 push 	unary_exp_pt
pop 	unary_exp_pt	 push 	additive_exp_pt
pop 	additive_op_pt	 pop 	additive_exp_pt,	 push 	additive_exp_pt
pop 	additive_exp_pt	 push 	log_exp_pt
pop 	log_exp_pt	 push 	expression_pt
pop 	statement_op_pt	 pop 	expression_pt,	 push 	statement_exp_pt
pop 	statement_exp_pt	 push 	statement_pt
pop 	statements_pt	 pop 	statement_pt,	 push 	statements_pt
push 	if_1_pt
pop 	if_1_pt	 push 	if_2_pt
push 	id_pt
pop 	id_pt	 push 	operand_pt
pop 	operand_pt	 push 	unary_exp_pt
pop 	unary_exp_pt	 push 	additive_exp_pt
pop 	additive_exp_pt	 push 	log_exp_pt
pop 	log_exp_pt	 push 	log_op_pt
push 	id_pt
pop 	id_pt	 push 	operand_pt
pop 	operand_pt	 push 	unary_exp_pt
pop 	unary_exp_pt	 push 	additive_exp_pt
pop 	log_op_pt	 pop 	additive_exp_pt,	 push 	log_exp_pt
pop 	log_exp_pt	 push 	expression_op_pt
push 	id_pt
pop 	id_pt	 push 	operand_pt
pop 	operand_pt	 push 	unary_exp_pt
pop 	unary_exp_pt	 push 	additive_exp_pt
pop 	additive_exp_pt	 push 	log_exp_pt
pop 	log_exp_pt	 push 	expression_op_pt
push 	id_pt
pop 	id_pt	 push 	operand_pt
pop 	operand_pt	 push 	unary_exp_pt
pop 	unary_exp_pt	 push 	additive_exp_pt
pop 	additive_exp_pt	 push 	log_exp_pt
pop 	log_exp_pt	 push 	expression_pt
pop 	expression_op_pt	 pop 	expression_pt,	 push 	expression_pt
pop 	expression_op_pt	 pop 	expression_pt,	 push 	expression_pt
pop 	if_2_pt	 pop 	expression_pt,	 push 	if_3_pt
pop 	if_3_pt	 push 	if_4_pt
push 	for_1_pt
pop 	for_1_pt	 push 	for_2_pt
push 	type_pt
push 	alt_id_pt
pop 	alt_id_pt	 push 	var_assign_pt
push 	operand_pt
pop 	operand_pt	 push 	unary_exp_pt
pop 	unary_exp_pt	 push 	additive_exp_pt
pop 	additive_exp_pt	 push 	log_exp_pt
pop 	log_exp_pt	 push 	expression_pt
pop 	var_assign_pt	 pop 	expression_pt,	 push 	var_init_pt
pop 	var_init_pt	 push 	var_list_pt
pop 	type_pt	 pop 	var_list_pt,	 push 	local_var_decl_pt
pop 	local_var_decl_pt	 push 	for_opt_pt
pop 	for_2_pt	 pop 	for_opt_pt,	 push 	for_3_pt
pop 	for_3_pt	 push 	for_4_pt
push 	id_pt
pop 	id_pt	 push 	operand_pt
pop 	operand_pt	 push 	unary_exp_pt
pop 	unary_exp_pt	 push 	additive_exp_pt
pop 	additive_exp_pt	 push 	log_exp_pt
pop 	log_exp_pt	 push 	log_op_pt
push 	operand_pt
pop 	operand_pt	 push 	unary_exp_pt
pop 	unary_exp_pt	 push 	additive_exp_pt
pop 	log_op_pt	 pop 	additive_exp_pt,	 push 	log_exp_pt
pop 	log_exp_pt	 push 	expression_pt
pop 	for_4_pt	 pop 	expression_pt,	 push 	for_5_pt
pop 	for_5_pt	 push 	for_6_pt
push 	unary_op_pt
push 	id_pt
pop 	id_pt	 push 	operand_pt
pop 	unary_op_pt	 pop 	operand_pt,	 push 	unary_exp_pt
pop 	unary_exp_pt	 push 	additive_exp_pt
pop 	additive_exp_pt	 push 	log_exp_pt
pop 	log_exp_pt	 push 	expression_pt
pop 	for_6_pt	 pop 	expression_pt,	 push 	for_7_pt
pop 	for_7_pt	 push 	for_8_pt
push 	block_1_pt
push 	type_pt
push 	alt_id_pt
pop 	alt_id_pt	 push 	var_assign_pt
push 	operand_pt
pop 	operand_pt	 push 	unary_exp_pt
pop 	unary_exp_pt	 push 	additive_exp_pt
pop 	additive_exp_pt	 push 	log_exp_pt
pop 	log_exp_pt	 push 	expression_pt
pop 	var_assign_pt	 pop 	expression_pt,	 push 	var_init_pt
pop 	var_init_pt	 push 	var_list_pt
pop 	type_pt	 pop 	var_list_pt,	 push 	local_var_decl_pt
pop 	local_var_decl_pt	 push 	for_opt_pt
pop 	for_opt_pt	 push 	prestatement_pt
pop 	prestatement_pt	 push 	statement_pt
pop 	statement_pt	 push 	statements_pt
push 	type_pt
push 	alt_id_pt
pop 	alt_id_pt	 push 	var_init_pt
pop 	var_init_pt	 push 	var_list_pt
pop 	type_pt	 pop 	var_list_pt,	 push 	local_var_decl_pt
pop 	local_var_decl_pt	 push 	for_opt_pt
pop 	for_opt_pt	 push 	prestatement_pt
pop 	prestatement_pt	 push 	statement_pt
pop 	statements_pt	 pop 	statement_pt,	 push 	statements_pt
push 	while_1_pt
pop 	while_1_pt	 push 	while_2_pt
push 	id_pt
pop 	id_pt	 push 	operand_pt
pop 	operand_pt	 push 	unary_exp_pt
pop 	unary_exp_pt	 push 	additive_exp_pt
pop 	additive_exp_pt	 push 	log_exp_pt
pop 	log_exp_pt	 push 	log_op_pt
push 	operand_pt
pop 	operand_pt	 push 	unary_exp_pt
pop 	unary_exp_pt	 push 	additive_exp_pt
pop 	log_op_pt	 pop 	additive_exp_pt,	 push 	log_exp_pt
pop 	log_exp_pt	 push 	expression_pt
pop 	while_2_pt	 pop 	expression_pt,	 push 	while_3_pt
pop 	while_3_pt	 push 	while_4_pt
push 	block_1_pt
push 	id_pt
pop 	id_pt	 push 	statement_op_pt
push 	unary_op_pt
push 	id_pt
pop 	id_pt	 push 	operand_pt
pop 	unary_op_pt	 pop 	operand_pt,	 push 	unary_exp_pt
pop 	unary_exp_pt	 push 	additive_exp_pt
pop 	additive_exp_pt	 push 	log_exp_pt
pop 	log_exp_pt	 push 	expression_pt
pop 	statement_op_pt	 pop 	expression_pt,	 push 	statement_exp_pt
pop 	statement_exp_pt	 push 	statement_pt
pop 	statement_pt	 push 	statements_pt
pop 	block_1_pt	 pop 	statements_pt,	 push 	block_2_pt
pop 	block_2_pt	 push 	block_pt
pop 	block_pt	 push 	statement_pt
pop 	while_4_pt	 pop 	statement_pt,	 push 	while_pt
pop 	while_pt	 push 	statement_pt
pop 	statements_pt	 pop 	statement_pt,	 push 	statements_pt
push 	if_1_pt
pop 	if_1_pt	 push 	if_2_pt
push 	id_pt
pop 	id_pt	 push 	operand_pt
pop 	operand_pt	 push 	unary_exp_pt
pop 	unary_exp_pt	 push 	additive_exp_pt
pop 	additive_exp_pt	 push 	log_exp_pt
pop 	log_exp_pt	 push 	log_op_pt
push 	operand_pt
pop 	operand_pt	 push 	unary_exp_pt
pop 	unary_exp_pt	 push 	additive_exp_pt
pop 	log_op_pt	 pop 	additive_exp_pt,	 push 	log_exp_pt
pop 	log_exp_pt	 push 	expression_pt
pop 	if_2_pt	 pop 	expression_pt,	 push 	if_3_pt
pop 	if_3_pt	 push 	if_4_pt
push 	break_pt
pop 	break_pt	 push 	statement_pt
pop 	if_4_pt	 pop 	statement_pt,	 push 	if_pt
pop 	if_pt	 push 	else_1_pt
push 	if_1_pt
pop 	if_1_pt	 push 	if_2_pt
push 	id_pt
pop 	id_pt	 push 	operand_pt
pop 	operand_pt	 push 	unary_exp_pt
pop 	unary_exp_pt	 push 	additive_exp_pt
pop 	additive_exp_pt	 push 	log_exp_pt
pop 	log_exp_pt	 push 	log_op_pt
push 	operand_pt
pop 	operand_pt	 push 	unary_exp_pt
pop 	unary_exp_pt	 push 	additive_exp_pt
pop 	log_op_pt	 pop 	additive_exp_pt,	 push 	log_exp_pt
pop 	log_exp_pt	 push 	expression_pt
pop 	if_2_pt	 pop 	expression_pt,	 push 	if_3_pt
pop 	if_3_pt	 push 	if_4_pt
push 	continue_pt
pop 	continue_pt	 push 	statement_pt
pop 	if_4_pt	 pop 	statement_pt,	 push 	if_pt
pop 	if_pt	 push 	statement_pt
pop 	else_1_pt	 pop 	statement_pt,	 push 	else_pt
pop 	else_pt	 push 	statement_pt
pop 	statements_pt	 pop 	statement_pt,	 push 	statements_pt
pop 	block_1_pt	 pop 	statements_pt,	 push 	block_2_pt
pop 	block_2_pt	 push 	block_pt
pop 	block_pt	 push 	statement_pt
pop 	for_8_pt	 pop 	statement_pt,	 push 	for_pt
pop 	for_pt	 push 	statement_pt
pop 	if_4_pt	 pop 	statement_pt,	 push 	if_pt
pop 	if_pt	 push 	statement_pt
pop 	statements_pt	 pop 	statement_pt,	 push 	statements_pt
push 	id_pt
pop 	id_pt	 push 	statement_op_pt
push 	unary_op_pt
push 	id_pt
pop 	id_pt	 push 	operand_pt
pop 	unary_op_pt	 pop 	operand_pt,	 push 	unary_exp_pt
pop 	unary_exp_pt	 push 	additive_exp_pt
pop 	additive_exp_pt	 push 	log_exp_pt
pop 	log_exp_pt	 push 	expression_pt
pop 	statement_op_pt	 pop 	expression_pt,	 push 	statement_exp_pt
pop 	statement_exp_pt	 push 	statement_pt
pop 	statements_pt	 pop 	statement_pt,	 push 	statements_pt
pop 	statements_pt	 push 	statements_pt
